<?xml version="1.0" encoding="UTF-8"?>
<!-- Generated by org.testng.reporters.JUnitXMLReporter -->
<testsuite hostname="MLB-BWTCL-4402" name="Windows+Chrome Test" tests="1" failures="0" timestamp="24 Feb 2015 11:47:05 GMT" time="36.502" errors="0">
  <testcase name="@BeforeTest setup" time="0.0" classname="com.MOTA.selenium.DriverTest">
    <failure type="java.util.MissingResourceException" message="Can&amp;apos;t find bundle for base name test, locale en_US">
      <![CDATA[java.util.MissingResourceException: Can't find bundle for base name test, locale en_US
	at java.util.ResourceBundle.throwMissingResourceException(Unknown Source)
	at java.util.ResourceBundle.getBundleImpl(Unknown Source)
	at java.util.ResourceBundle.getBundle(Unknown Source)
	at com.MOTA.common.Global_Common.getEnvironmentProperty(Global_Common.java:20)
	at com.MOTA.common.Global_Common.getEnvironmentProperty(Global_Common.java:31)
	at com.MOTA.selenium.DriverTest.setup(DriverTest.java:80)
	at java.util.concurrent.FutureTask.run(Unknown Source)
	at java.util.concurrent.ThreadPoolExecutor.runWorker(Unknown Source)
	at java.util.concurrent.ThreadPoolExecutor$Worker.run(Unknown Source)
	at java.lang.Thread.run(Unknown Source)
... Removed 14 stack frames]]>
    </failure>
  </testcase> <!-- @BeforeTest setup -->
  <testcase name="@AfterTest afterTest" time="0.0" classname="com.MOTA.selenium.DriverTest">
    <skipped/>
  </testcase> <!-- @AfterTest afterTest -->
  <testcase name="GoogleSearch" time="0.002" classname="com.MOTA.selenium.DriverTest">
    <skipped/>
  </testcase> <!-- GoogleSearch -->
</testsuite> <!-- Windows+Chrome Test -->
